[2025-09-29T21:51:56.259Z] INFO: handleVoteClick started
  DATA: {
  "isSubmitting": false,
  "hasVoted": false,
  "isEditingVote": false,
  "isPollClosed": false,
  "pollType": "nomination",
  "isAbstaining": false,
  "nominationChoices": 3,
  "nominationChoicesData": [
    "A",
    "B",
    "C"
  ]
}
---
[2025-09-29T21:51:56.380Z] INFO: Nomination validation check
  DATA: {
  "originalNominations": [
    "A",
    "B",
    "C"
  ],
  "filteredNominations": [
    "A",
    "B",
    "C"
  ],
  "willAbstain": false
}
---
[2025-09-29T21:51:56.700Z] INFO: handleVoteClick validation passed, showing confirmation modal
  DATA: {
  "pollType": "nomination",
  "isAbstaining": false,
  "choicesReady": 3
}
---
[2025-09-29T21:51:57.643Z] INFO: submitVote started
  DATA: {
  "isSubmitting": false,
  "hasVoted": false,
  "isEditingVote": false,
  "isPollClosed": false,
  "pollType": "nomination",
  "userVoteId": null
}
---
[2025-09-29T21:51:57.751Z] INFO: submitVote setup complete
  DATA: {
  "pollId": "c5935a5a-4b58-4cf0-a343-98544ad6c1ed",
  "pollType": "nomination",
  "isAbstaining": false,
  "voterName": "Sambo"
}
---
[2025-09-29T21:51:57.860Z] INFO: Processing nomination vote data
  DATA: {
  "originalNominations": [
    "A",
    "B",
    "C"
  ],
  "filteredNominations": [
    "A",
    "B",
    "C"
  ],
  "isAbstaining": false
}
---
[2025-09-29T21:51:57.976Z] INFO: Nomination vote processing
  DATA: {
  "nominationChoices": [
    "A",
    "B",
    "C"
  ],
  "filteredNominations": [
    "A",
    "B",
    "C"
  ],
  "willAbstain": false,
  "isAbstaining": false
}
---
[2025-09-29T21:51:58.217Z] INFO: Nomination voteData created
  DATA: {
  "poll_id": "c5935a5a-4b58-4cf0-a343-98544ad6c1ed",
  "vote_type": "nomination",
  "nominations": [
    "A",
    "B",
    "C"
  ],
  "is_abstain": false,
  "voter_name": "Sambo"
}
---
[2025-09-29T21:51:58.442Z] INFO: Attempting to insert new vote
  DATA: {
  "voteData": {
    "poll_id": "c5935a5a-4b58-4cf0-a343-98544ad6c1ed",
    "vote_type": "nomination",
    "nominations": [
      "A",
      "B",
      "C"
    ],
    "is_abstain": false,
    "voter_name": "Sambo"
  }
}
---
[2025-09-29T21:51:58.780Z] INFO: Database insert result
  DATA: {
  "insertedVote": {
    "id": "7d250e0f-92f5-4fd1-84cd-c026d62eedbc"
  },
  "insertError": null,
  "voteId": "7d250e0f-92f5-4fd1-84cd-c026d62eedbc",
  "hasError": false
}
---
[2025-09-29T21:51:58.897Z] INFO: Vote insert successful
  DATA: {
  "voteId": "7d250e0f-92f5-4fd1-84cd-c026d62eedbc"
}
---
[2025-09-29T21:51:59.008Z] INFO: Vote submission successful
  DATA: {
  "voteId": "7d250e0f-92f5-4fd1-84cd-c026d62eedbc",
  "isEditingVote": false,
  "pollType": "nomination"
}
---
[2025-09-29T21:51:59.104Z] INFO: submitVote finally block
  DATA: {
  "isSubmitting": false
}
---
