[2025-09-28T15:52:16.399Z] INFO: handleVoteClick started
  DATA: {
  "isSubmitting": false,
  "hasVoted": false,
  "isEditingVote": false,
  "isPollClosed": false,
  "pollType": "nomination",
  "isAbstaining": false,
  "nominationChoices": 1,
  "nominationChoicesData": [
    "A"
  ]
}
---
[2025-09-28T15:52:16.596Z] INFO: Nomination validation check
  DATA: {
  "originalNominations": [
    "A"
  ],
  "filteredNominations": [
    "A"
  ],
  "willAbstain": false
}
---
[2025-09-28T15:52:16.711Z] INFO: handleVoteClick validation passed, showing confirmation modal
  DATA: {
  "pollType": "nomination",
  "isAbstaining": false,
  "choicesReady": 1
}
---
[2025-09-28T15:52:17.771Z] INFO: submitVote started
  DATA: {
  "isSubmitting": false,
  "hasVoted": false,
  "isEditingVote": false,
  "isPollClosed": false,
  "pollType": "nomination",
  "userVoteId": null
}
---
[2025-09-28T15:52:17.871Z] INFO: submitVote setup complete
  DATA: {
  "pollId": "402145f1-cf3d-4eff-b9a2-6bae8b81303e",
  "pollType": "nomination",
  "isAbstaining": false,
  "voterName": "Sam"
}
---
[2025-09-28T15:52:17.998Z] INFO: Processing nomination vote data
  DATA: {
  "originalNominations": [
    "A"
  ],
  "filteredNominations": [
    "A"
  ],
  "isAbstaining": false
}
---
[2025-09-28T15:52:18.179Z] INFO: Nomination vote processing
  DATA: {
  "nominationChoices": [
    "A"
  ],
  "filteredNominations": [
    "A"
  ],
  "willAbstain": false,
  "isAbstaining": false
}
---
[2025-09-28T15:52:18.302Z] INFO: Nomination voteData created
  DATA: {
  "poll_id": "402145f1-cf3d-4eff-b9a2-6bae8b81303e",
  "vote_type": "nomination",
  "nominations": [
    "A"
  ],
  "is_abstain": false,
  "voter_name": "Sam"
}
---
[2025-09-28T15:52:18.421Z] INFO: Attempting to insert new vote
  DATA: {
  "voteData": {
    "poll_id": "402145f1-cf3d-4eff-b9a2-6bae8b81303e",
    "vote_type": "nomination",
    "nominations": [
      "A"
    ],
    "is_abstain": false,
    "voter_name": "Sam"
  }
}
---
[2025-09-28T15:52:18.707Z] INFO: Database insert result
  DATA: {
  "insertedVote": {
    "id": "0c8f5de7-bbfb-472f-8afa-41606d0224ed"
  },
  "insertError": null,
  "voteId": "0c8f5de7-bbfb-472f-8afa-41606d0224ed",
  "hasError": false
}
---
[2025-09-28T15:52:18.810Z] INFO: Vote insert successful
  DATA: {
  "voteId": "0c8f5de7-bbfb-472f-8afa-41606d0224ed"
}
---
[2025-09-28T15:52:18.927Z] INFO: Vote submission successful
  DATA: {
  "voteId": "0c8f5de7-bbfb-472f-8afa-41606d0224ed",
  "isEditingVote": false,
  "pollType": "nomination"
}
---
[2025-09-28T15:52:19.039Z] INFO: submitVote finally block
  DATA: {
  "isSubmitting": false
}
---
[2025-09-28T15:52:28.329Z] INFO: handleVoteClick started
  DATA: {
  "isSubmitting": false,
  "hasVoted": true,
  "isEditingVote": true,
  "isPollClosed": false,
  "pollType": "nomination",
  "isAbstaining": false,
  "nominationChoices": 2,
  "nominationChoicesData": [
    "A",
    "B"
  ]
}
---
[2025-09-28T15:52:28.489Z] INFO: Nomination validation check
  DATA: {
  "originalNominations": [
    "A",
    "B"
  ],
  "filteredNominations": [
    "A",
    "B"
  ],
  "willAbstain": false
}
---
[2025-09-28T15:52:28.667Z] INFO: handleVoteClick validation passed, showing confirmation modal
  DATA: {
  "pollType": "nomination",
  "isAbstaining": false,
  "choicesReady": 2
}
---
[2025-09-28T15:52:29.557Z] INFO: submitVote started
  DATA: {
  "isSubmitting": false,
  "hasVoted": true,
  "isEditingVote": true,
  "isPollClosed": false,
  "pollType": "nomination",
  "userVoteId": "0c8f5de7-bbfb-472f-8afa-41606d0224ed"
}
---
[2025-09-28T15:52:29.717Z] INFO: submitVote setup complete
  DATA: {
  "pollId": "402145f1-cf3d-4eff-b9a2-6bae8b81303e",
  "pollType": "nomination",
  "isAbstaining": false,
  "voterName": "Sam"
}
---
[2025-09-28T15:52:29.820Z] INFO: Processing nomination vote data
  DATA: {
  "originalNominations": [
    "A",
    "B"
  ],
  "filteredNominations": [
    "A",
    "B"
  ],
  "isAbstaining": false
}
---
[2025-09-28T15:52:29.938Z] INFO: Nomination vote processing
  DATA: {
  "nominationChoices": [
    "A",
    "B"
  ],
  "filteredNominations": [
    "A",
    "B"
  ],
  "willAbstain": false,
  "isAbstaining": false
}
---
[2025-09-28T15:52:30.032Z] INFO: Nomination voteData created
  DATA: {
  "poll_id": "402145f1-cf3d-4eff-b9a2-6bae8b81303e",
  "vote_type": "nomination",
  "nominations": [
    "A",
    "B"
  ],
  "is_abstain": false,
  "voter_name": "Sam"
}
---
[2025-09-28T15:52:30.284Z] INFO: Vote update response
  DATA: {
  "updateError": null,
  "returnedDataExists": true,
  "returnedDataLength": 1,
  "returnedData": [
    {
      "id": "0c8f5de7-bbfb-472f-8afa-41606d0224ed",
      "poll_id": "402145f1-cf3d-4eff-b9a2-6bae8b81303e",
      "vote_type": "nomination",
      "yes_no_choice": null,
      "ranked_choices": null,
      "created_at": "2025-09-28T15:52:18.616121+00:00",
      "voter_name": "Sam",
      "is_abstain": false,
      "nominations": [
        "A",
        "B"
      ],
      "abstain_reason": null,
      "updated_at": "2025-09-28T15:52:30.197744+00:00"
    }
  ]
}
---
[2025-09-28T15:52:30.382Z] INFO: Vote submission successful
  DATA: {
  "voteId": "0c8f5de7-bbfb-472f-8afa-41606d0224ed",
  "isEditingVote": true,
  "pollType": "nomination"
}
---
[2025-09-28T15:52:30.801Z] INFO: submitVote finally block
  DATA: {
  "isSubmitting": false
}
---
[2025-09-28T15:53:20.622Z] INFO: handleVoteClick started
  DATA: {
  "isSubmitting": false,
  "hasVoted": false,
  "isEditingVote": false,
  "isPollClosed": false,
  "pollType": "nomination",
  "isAbstaining": false,
  "nominationChoices": 1,
  "nominationChoicesData": [
    "C"
  ]
}
---
[2025-09-28T15:53:20.725Z] INFO: Nomination validation check
  DATA: {
  "originalNominations": [
    "C"
  ],
  "filteredNominations": [
    "C"
  ],
  "willAbstain": false
}
---
[2025-09-28T15:53:20.924Z] INFO: handleVoteClick validation passed, showing confirmation modal
  DATA: {
  "pollType": "nomination",
  "isAbstaining": false,
  "choicesReady": 1
}
---
[2025-09-28T15:53:21.712Z] INFO: submitVote started
  DATA: {
  "isSubmitting": false,
  "hasVoted": false,
  "isEditingVote": false,
  "isPollClosed": false,
  "pollType": "nomination",
  "userVoteId": null
}
---
[2025-09-28T15:53:21.810Z] INFO: submitVote setup complete
  DATA: {
  "pollId": "402145f1-cf3d-4eff-b9a2-6bae8b81303e",
  "pollType": "nomination",
  "isAbstaining": false,
  "voterName": "Sambo"
}
---
[2025-09-28T15:53:21.900Z] INFO: Processing nomination vote data
  DATA: {
  "originalNominations": [
    "C"
  ],
  "filteredNominations": [
    "C"
  ],
  "isAbstaining": false
}
---
[2025-09-28T15:53:22.012Z] INFO: Nomination vote processing
  DATA: {
  "nominationChoices": [
    "C"
  ],
  "filteredNominations": [
    "C"
  ],
  "willAbstain": false,
  "isAbstaining": false
}
---
[2025-09-28T15:53:22.208Z] INFO: Nomination voteData created
  DATA: {
  "poll_id": "402145f1-cf3d-4eff-b9a2-6bae8b81303e",
  "vote_type": "nomination",
  "nominations": [
    "C"
  ],
  "is_abstain": false,
  "voter_name": "Sambo"
}
---
[2025-09-28T15:53:22.314Z] INFO: Attempting to insert new vote
  DATA: {
  "voteData": {
    "poll_id": "402145f1-cf3d-4eff-b9a2-6bae8b81303e",
    "vote_type": "nomination",
    "nominations": [
      "C"
    ],
    "is_abstain": false,
    "voter_name": "Sambo"
  }
}
---
[2025-09-28T15:53:22.621Z] INFO: Database insert result
  DATA: {
  "insertedVote": {
    "id": "71448834-f017-4ca9-83cb-b465a603d834"
  },
  "insertError": null,
  "voteId": "71448834-f017-4ca9-83cb-b465a603d834",
  "hasError": false
}
---
[2025-09-28T15:53:22.721Z] INFO: Vote insert successful
  DATA: {
  "voteId": "71448834-f017-4ca9-83cb-b465a603d834"
}
---
[2025-09-28T15:53:22.837Z] INFO: Vote submission successful
  DATA: {
  "voteId": "71448834-f017-4ca9-83cb-b465a603d834",
  "isEditingVote": false,
  "pollType": "nomination"
}
---
[2025-09-28T15:53:22.961Z] INFO: submitVote finally block
  DATA: {
  "isSubmitting": false
}
---
[2025-09-28T15:54:35.848Z] INFO: handleVoteClick started
  DATA: {
  "isSubmitting": false,
  "hasVoted": true,
  "isEditingVote": true,
  "isPollClosed": false,
  "pollType": "nomination",
  "isAbstaining": false,
  "nominationChoices": 2,
  "nominationChoicesData": [
    "C",
    "A"
  ]
}
---
[2025-09-28T15:54:36.013Z] INFO: Nomination validation check
  DATA: {
  "originalNominations": [
    "C",
    "A"
  ],
  "filteredNominations": [
    "C",
    "A"
  ],
  "willAbstain": false
}
---
[2025-09-28T15:54:36.125Z] INFO: handleVoteClick validation passed, showing confirmation modal
  DATA: {
  "pollType": "nomination",
  "isAbstaining": false,
  "choicesReady": 2
}
---
[2025-09-28T15:54:37.070Z] INFO: submitVote started
  DATA: {
  "isSubmitting": false,
  "hasVoted": true,
  "isEditingVote": true,
  "isPollClosed": false,
  "pollType": "nomination",
  "userVoteId": "71448834-f017-4ca9-83cb-b465a603d834"
}
---
[2025-09-28T15:54:37.186Z] INFO: submitVote setup complete
  DATA: {
  "pollId": "402145f1-cf3d-4eff-b9a2-6bae8b81303e",
  "pollType": "nomination",
  "isAbstaining": false,
  "voterName": "Sambo"
}
---
[2025-09-28T15:54:37.288Z] INFO: Processing nomination vote data
  DATA: {
  "originalNominations": [
    "C",
    "A"
  ],
  "filteredNominations": [
    "C",
    "A"
  ],
  "isAbstaining": false
}
---
[2025-09-28T15:54:37.402Z] INFO: Nomination vote processing
  DATA: {
  "nominationChoices": [
    "C",
    "A"
  ],
  "filteredNominations": [
    "C",
    "A"
  ],
  "willAbstain": false,
  "isAbstaining": false
}
---
[2025-09-28T15:54:37.586Z] INFO: Nomination voteData created
  DATA: {
  "poll_id": "402145f1-cf3d-4eff-b9a2-6bae8b81303e",
  "vote_type": "nomination",
  "nominations": [
    "C",
    "A"
  ],
  "is_abstain": false,
  "voter_name": "Sambo"
}
---
[2025-09-28T15:54:37.864Z] INFO: Vote update response
  DATA: {
  "updateError": null,
  "returnedDataExists": true,
  "returnedDataLength": 1,
  "returnedData": [
    {
      "id": "71448834-f017-4ca9-83cb-b465a603d834",
      "poll_id": "402145f1-cf3d-4eff-b9a2-6bae8b81303e",
      "vote_type": "nomination",
      "yes_no_choice": null,
      "ranked_choices": null,
      "created_at": "2025-09-28T15:53:22.468995+00:00",
      "voter_name": "Sambo",
      "is_abstain": false,
      "nominations": [
        "C",
        "A"
      ],
      "abstain_reason": null,
      "updated_at": "2025-09-28T15:54:37.767211+00:00"
    }
  ]
}
---
[2025-09-28T15:54:37.975Z] INFO: Vote submission successful
  DATA: {
  "voteId": "71448834-f017-4ca9-83cb-b465a603d834",
  "isEditingVote": true,
  "pollType": "nomination"
}
---
[2025-09-28T15:54:38.414Z] INFO: submitVote finally block
  DATA: {
  "isSubmitting": false
}
---
[2025-09-28T15:55:12.045Z] INFO: handleVoteClick started
  DATA: {
  "isSubmitting": false,
  "hasVoted": true,
  "isEditingVote": true,
  "isPollClosed": false,
  "pollType": "nomination",
  "isAbstaining": false,
  "nominationChoices": 2,
  "nominationChoicesData": [
    "C1",
    "A1"
  ]
}
---
[2025-09-28T15:55:12.236Z] INFO: Nomination validation check
  DATA: {
  "originalNominations": [
    "C1",
    "A1"
  ],
  "filteredNominations": [
    "C1",
    "A1"
  ],
  "willAbstain": false
}
---
[2025-09-28T15:55:12.353Z] INFO: handleVoteClick validation passed, showing confirmation modal
  DATA: {
  "pollType": "nomination",
  "isAbstaining": false,
  "choicesReady": 2
}
---
[2025-09-28T15:55:13.249Z] INFO: submitVote started
  DATA: {
  "isSubmitting": false,
  "hasVoted": true,
  "isEditingVote": true,
  "isPollClosed": false,
  "pollType": "nomination",
  "userVoteId": "71448834-f017-4ca9-83cb-b465a603d834"
}
---
[2025-09-28T15:55:13.346Z] INFO: submitVote setup complete
  DATA: {
  "pollId": "402145f1-cf3d-4eff-b9a2-6bae8b81303e",
  "pollType": "nomination",
  "isAbstaining": false,
  "voterName": "Sambo"
}
---
[2025-09-28T15:55:13.451Z] INFO: Processing nomination vote data
  DATA: {
  "originalNominations": [
    "C1",
    "A1"
  ],
  "filteredNominations": [
    "C1",
    "A1"
  ],
  "isAbstaining": false
}
---
[2025-09-28T15:55:13.553Z] INFO: Nomination vote processing
  DATA: {
  "nominationChoices": [
    "C1",
    "A1"
  ],
  "filteredNominations": [
    "C1",
    "A1"
  ],
  "willAbstain": false,
  "isAbstaining": false
}
---
[2025-09-28T15:55:13.662Z] INFO: Nomination voteData created
  DATA: {
  "poll_id": "402145f1-cf3d-4eff-b9a2-6bae8b81303e",
  "vote_type": "nomination",
  "nominations": [
    "C1",
    "A1"
  ],
  "is_abstain": false,
  "voter_name": "Sambo"
}
---
[2025-09-28T15:55:13.868Z] INFO: Vote update response
  DATA: {
  "updateError": null,
  "returnedDataExists": true,
  "returnedDataLength": 1,
  "returnedData": [
    {
      "id": "71448834-f017-4ca9-83cb-b465a603d834",
      "poll_id": "402145f1-cf3d-4eff-b9a2-6bae8b81303e",
      "vote_type": "nomination",
      "yes_no_choice": null,
      "ranked_choices": null,
      "created_at": "2025-09-28T15:53:22.468995+00:00",
      "voter_name": "Sambo",
      "is_abstain": false,
      "nominations": [
        "C1",
        "A1"
      ],
      "abstain_reason": null,
      "updated_at": "2025-09-28T15:55:13.782915+00:00"
    }
  ]
}
---
[2025-09-28T15:55:13.963Z] INFO: Vote submission successful
  DATA: {
  "voteId": "71448834-f017-4ca9-83cb-b465a603d834",
  "isEditingVote": true,
  "pollType": "nomination"
}
---
[2025-09-28T15:55:14.358Z] INFO: submitVote finally block
  DATA: {
  "isSubmitting": false
}
---
[2025-09-28T16:37:39.155Z] INFO: handleVoteClick started
  DATA: {
  "isSubmitting": false,
  "hasVoted": false,
  "isEditingVote": false,
  "isPollClosed": false,
  "pollType": "nomination",
  "isAbstaining": false,
  "nominationChoices": 1,
  "nominationChoicesData": [
    "A"
  ]
}
---
[2025-09-28T16:37:39.296Z] INFO: Nomination validation check
  DATA: {
  "originalNominations": [
    "A"
  ],
  "filteredNominations": [
    "A"
  ],
  "willAbstain": false
}
---
[2025-09-28T16:37:39.421Z] INFO: handleVoteClick validation passed, showing confirmation modal
  DATA: {
  "pollType": "nomination",
  "isAbstaining": false,
  "choicesReady": 1
}
---
[2025-09-28T16:37:40.295Z] INFO: submitVote started
  DATA: {
  "isSubmitting": false,
  "hasVoted": false,
  "isEditingVote": false,
  "isPollClosed": false,
  "pollType": "nomination",
  "userVoteId": null
}
---
[2025-09-28T16:37:40.414Z] INFO: submitVote setup complete
  DATA: {
  "pollId": "8b4fc6ba-2430-4037-bfea-bf619eb0694e",
  "pollType": "nomination",
  "isAbstaining": false,
  "voterName": "Sambo"
}
---
[2025-09-28T16:37:40.545Z] INFO: Processing nomination vote data
  DATA: {
  "originalNominations": [
    "A"
  ],
  "filteredNominations": [
    "A"
  ],
  "isAbstaining": false
}
---
[2025-09-28T16:37:40.658Z] INFO: Nomination vote processing
  DATA: {
  "nominationChoices": [
    "A"
  ],
  "filteredNominations": [
    "A"
  ],
  "willAbstain": false,
  "isAbstaining": false
}
---
[2025-09-28T16:37:40.843Z] INFO: Nomination voteData created
  DATA: {
  "poll_id": "8b4fc6ba-2430-4037-bfea-bf619eb0694e",
  "vote_type": "nomination",
  "nominations": [
    "A"
  ],
  "is_abstain": false,
  "voter_name": "Sambo"
}
---
[2025-09-28T16:37:40.952Z] INFO: Attempting to insert new vote
  DATA: {
  "voteData": {
    "poll_id": "8b4fc6ba-2430-4037-bfea-bf619eb0694e",
    "vote_type": "nomination",
    "nominations": [
      "A"
    ],
    "is_abstain": false,
    "voter_name": "Sambo"
  }
}
---
[2025-09-28T16:37:41.179Z] INFO: Database insert result
  DATA: {
  "insertedVote": {
    "id": "63fb6113-052b-4f61-a5f6-cc050042d42b"
  },
  "insertError": null,
  "voteId": "63fb6113-052b-4f61-a5f6-cc050042d42b",
  "hasError": false
}
---
[2025-09-28T16:37:41.321Z] INFO: Vote insert successful
  DATA: {
  "voteId": "63fb6113-052b-4f61-a5f6-cc050042d42b"
}
---
[2025-09-28T16:37:41.421Z] INFO: Vote submission successful
  DATA: {
  "voteId": "63fb6113-052b-4f61-a5f6-cc050042d42b",
  "isEditingVote": false,
  "pollType": "nomination"
}
---
[2025-09-28T16:37:41.526Z] INFO: submitVote finally block
  DATA: {
  "isSubmitting": false
}
---
